<?xml version="1.0" encoding="UTF-8"?>
<testng-results ignored="0" total="1" passed="1" failed="0" skipped="0">
  <reporter-output>
  </reporter-output>
  <suite started-at="2025-10-05T11:23:11 EEST" name="Default suite" finished-at="2025-10-05T11:24:45 EEST" duration-ms="93833">
    <groups>
    </groups>
    <test started-at="2025-10-05T11:23:11 EEST" name="Default test" finished-at="2025-10-05T11:24:45 EEST" duration-ms="93833">
      <class name="testcases.scenarioTest">
        <test-method is-config="true" signature="setup()[pri:0, instance:testcases.scenarioTest@5542c4ed]" started-at="2025-10-05T11:23:11 EEST" name="setup" finished-at="2025-10-05T11:23:18 EEST" duration-ms="6350" status="PASS">
          <reporter-output>
          </reporter-output>
        </test-method> <!-- setup -->
        <test-method signature="tests()[pri:0, instance:testcases.scenarioTest@5542c4ed]" started-at="2025-10-05T11:23:18 EEST" name="tests" finished-at="2025-10-05T11:24:42 EEST" duration-ms="84023" status="PASS">
          <reporter-output>
          </reporter-output>
        </test-method> <!-- tests -->
        <test-method is-config="true" signature="teardown()[pri:0, instance:testcases.scenarioTest@5542c4ed]" started-at="2025-10-05T11:24:42 EEST" name="teardown" finished-at="2025-10-05T11:24:45 EEST" duration-ms="3415" status="PASS">
          <reporter-output>
          </reporter-output>
        </test-method> <!-- teardown -->
      </class> <!-- testcases.scenarioTest -->
    </test> <!-- Default test -->
  </suite> <!-- Default suite -->
</testng-results>
